=========================================================================
Attempting to detect an existing Openads (aka. phpAdsNew) installation...
PAN not detected
Attempting to detect an existing Openads (aka. Max Media Manager 0.1) installation...
MMM v0.1 not detected
Attempting to detect an existing Openads (aka. Max Media Manager 0.3) installation...
MMM v0.3 not detected
Attempting to detect an existing Revive Adserver installation...
No previous version of Revive Adserver detected
=========================================================================
Attempting to detect an existing Openads (aka. phpAdsNew) installation...
PAN not detected
Attempting to detect an existing Openads (aka. Max Media Manager 0.1) installation...
MMM v0.1 not detected
Attempting to detect an existing Openads (aka. Max Media Manager 0.3) installation...
MMM v0.3 not detected
Attempting to detect an existing Revive Adserver installation...
No previous version of Revive Adserver detected
=========================================================================
Attempting to detect an existing Openads (aka. phpAdsNew) installation...
PAN not detected
Attempting to detect an existing Openads (aka. Max Media Manager 0.1) installation...
MMM v0.1 not detected
Attempting to detect an existing Openads (aka. Max Media Manager 0.3) installation...
MMM v0.3 not detected
Attempting to detect an existing Revive Adserver installation...
No previous version of Revive Adserver detected
=========================================================================
Attempting to detect an existing Openads (aka. phpAdsNew) installation...
PAN not detected
Attempting to detect an existing Openads (aka. Max Media Manager 0.1) installation...
MMM v0.1 not detected
Attempting to detect an existing Openads (aka. Max Media Manager 0.3) installation...
MMM v0.3 not detected
Attempting to detect an existing Revive Adserver installation...
No previous version of Revive Adserver detected
=========================================================================
Attempting to detect an existing Openads (aka. phpAdsNew) installation...
PAN not detected
Attempting to detect an existing Openads (aka. Max Media Manager 0.1) installation...
MMM v0.1 not detected
Attempting to detect an existing Openads (aka. Max Media Manager 0.3) installation...
MMM v0.3 not detected
Attempting to detect an existing Revive Adserver installation...
No previous version of Revive Adserver detected
=========================================================================
Attempting to detect an existing Openads (aka. phpAdsNew) installation...
PAN not detected
Attempting to detect an existing Openads (aka. Max Media Manager 0.1) installation...
MMM v0.1 not detected
Attempting to detect an existing Openads (aka. Max Media Manager 0.3) installation...
MMM v0.3 not detected
Attempting to detect an existing Revive Adserver installation...
No previous version of Revive Adserver detected
=========================================================================
Attempting to detect an existing Openads (aka. phpAdsNew) installation...
PAN not detected
Attempting to detect an existing Openads (aka. Max Media Manager 0.1) installation...
MMM v0.1 not detected
Attempting to detect an existing Openads (aka. Max Media Manager 0.3) installation...
MMM v0.3 not detected
Attempting to detect an existing Revive Adserver installation...
No previous version of Revive Adserver detected
=========================================================================
Attempting to detect an existing Openads (aka. phpAdsNew) installation...
PAN not detected
Attempting to detect an existing Openads (aka. Max Media Manager 0.1) installation...
MMM v0.1 not detected
Attempting to detect an existing Openads (aka. Max Media Manager 0.3) installation...
MMM v0.3 not detected
Attempting to detect an existing Revive Adserver installation...
No previous version of Revive Adserver detected
=========================================================================
Attempting to detect an existing Openads (aka. phpAdsNew) installation...
PAN not detected
Attempting to detect an existing Openads (aka. Max Media Manager 0.1) installation...
MMM v0.1 not detected
Attempting to detect an existing Openads (aka. Max Media Manager 0.3) installation...
MMM v0.3 not detected
Attempting to detect an existing Revive Adserver installation...
No previous version of Revive Adserver detected
=========================================================================
Attempting to detect an existing Openads (aka. phpAdsNew) installation...
PAN not detected
Attempting to detect an existing Openads (aka. Max Media Manager 0.1) installation...
MMM v0.1 not detected
Attempting to detect an existing Openads (aka. Max Media Manager 0.3) installation...
MMM v0.3 not detected
Attempting to detect an existing Revive Adserver installation...
No previous version of Revive Adserver detected
=========================================================================
Attempting to detect an existing Openads (aka. phpAdsNew) installation...
PAN not detected
Attempting to detect an existing Openads (aka. Max Media Manager 0.1) installation...
MMM v0.1 not detected
Attempting to detect an existing Openads (aka. Max Media Manager 0.3) installation...
MMM v0.3 not detected
Attempting to detect an existing Revive Adserver installation...
No previous version of Revive Adserver detected
=========================================================================
Attempting to detect an existing Openads (aka. phpAdsNew) installation...
PAN not detected
Attempting to detect an existing Openads (aka. Max Media Manager 0.1) installation...
MMM v0.1 not detected
Attempting to detect an existing Openads (aka. Max Media Manager 0.3) installation...
MMM v0.3 not detected
Attempting to detect an existing Revive Adserver installation...
No previous version of Revive Adserver detected
=========================================================================
Attempting to detect an existing Openads (aka. phpAdsNew) installation...
PAN not detected
Attempting to detect an existing Openads (aka. Max Media Manager 0.1) installation...
MMM v0.1 not detected
Attempting to detect an existing Openads (aka. Max Media Manager 0.3) installation...
MMM v0.3 not detected
Attempting to detect an existing Revive Adserver installation...
No previous version of Revive Adserver detected
=========================================================================
Attempting to detect an existing Openads (aka. phpAdsNew) installation...
PAN not detected
Attempting to detect an existing Openads (aka. Max Media Manager 0.1) installation...
MMM v0.1 not detected
Attempting to detect an existing Openads (aka. Max Media Manager 0.3) installation...
MMM v0.3 not detected
Attempting to detect an existing Revive Adserver installation...
No previous version of Revive Adserver detected
=========================================================================
Attempting to detect an existing Openads (aka. phpAdsNew) installation...
PAN not detected
Attempting to detect an existing Openads (aka. Max Media Manager 0.1) installation...
MMM v0.1 not detected
Attempting to detect an existing Openads (aka. Max Media Manager 0.3) installation...
MMM v0.3 not detected
Attempting to detect an existing Revive Adserver installation...
No previous version of Revive Adserver detected
=========================================================================
Attempting to detect an existing Openads (aka. phpAdsNew) installation...
PAN not detected
Attempting to detect an existing Openads (aka. Max Media Manager 0.1) installation...
MMM v0.1 not detected
Attempting to detect an existing Openads (aka. Max Media Manager 0.3) installation...
MMM v0.3 not detected
Attempting to detect an existing Revive Adserver installation...
No previous version of Revive Adserver detected
=========================================================================
Attempting to detect an existing Openads (aka. phpAdsNew) installation...
PAN not detected
Attempting to detect an existing Openads (aka. Max Media Manager 0.1) installation...
MMM v0.1 not detected
Attempting to detect an existing Openads (aka. Max Media Manager 0.3) installation...
MMM v0.3 not detected
Attempting to detect an existing Revive Adserver installation...
No previous version of Revive Adserver detected
=========================================================================
Attempting to detect an existing Openads (aka. phpAdsNew) installation...
PAN not detected
Attempting to detect an existing Openads (aka. Max Media Manager 0.1) installation...
MMM v0.1 not detected
Attempting to detect an existing Openads (aka. Max Media Manager 0.3) installation...
MMM v0.3 not detected
Attempting to detect an existing Revive Adserver installation...
No previous version of Revive Adserver detected
=========================================================================
Attempting to detect an existing Openads (aka. phpAdsNew) installation...
PAN not detected
Attempting to detect an existing Openads (aka. Max Media Manager 0.1) installation...
MMM v0.1 not detected
Attempting to detect an existing Openads (aka. Max Media Manager 0.3) installation...
MMM v0.3 not detected
Attempting to detect an existing Revive Adserver installation...
No previous version of Revive Adserver detected
=========================================================================
Attempting to detect an existing Openads (aka. phpAdsNew) installation...
PAN not detected
Attempting to detect an existing Openads (aka. Max Media Manager 0.1) installation...
MMM v0.1 not detected
Attempting to detect an existing Openads (aka. Max Media Manager 0.3) installation...
MMM v0.3 not detected
Attempting to detect an existing Revive Adserver installation...
No previous version of Revive Adserver detected
=========================================================================
Attempting to detect an existing Openads (aka. phpAdsNew) installation...
PAN not detected
Attempting to detect an existing Openads (aka. Max Media Manager 0.1) installation...
MMM v0.1 not detected
Attempting to detect an existing Openads (aka. Max Media Manager 0.3) installation...
MMM v0.3 not detected
Attempting to detect an existing Revive Adserver installation...
No previous version of Revive Adserver detected
=========================================================================
Attempting to detect an existing Openads (aka. phpAdsNew) installation...
PAN not detected
Attempting to detect an existing Openads (aka. Max Media Manager 0.1) installation...
MMM v0.1 not detected
Attempting to detect an existing Openads (aka. Max Media Manager 0.3) installation...
MMM v0.3 not detected
Attempting to detect an existing Revive Adserver installation...
No previous version of Revive Adserver detected
=========================================================================
Attempting to detect an existing Openads (aka. phpAdsNew) installation...
PAN not detected
Attempting to detect an existing Openads (aka. Max Media Manager 0.1) installation...
MMM v0.1 not detected
Attempting to detect an existing Openads (aka. Max Media Manager 0.3) installation...
MMM v0.3 not detected
Attempting to detect an existing Revive Adserver installation...
No previous version of Revive Adserver detected
=========================================================================
Attempting to detect an existing Openads (aka. phpAdsNew) installation...
PAN not detected
Attempting to detect an existing Openads (aka. Max Media Manager 0.1) installation...
MMM v0.1 not detected
Attempting to detect an existing Openads (aka. Max Media Manager 0.3) installation...
MMM v0.3 not detected
Attempting to detect an existing Revive Adserver installation...
No previous version of Revive Adserver detected
=========================================================================
Attempting to detect an existing Openads (aka. phpAdsNew) installation...
PAN not detected
Attempting to detect an existing Openads (aka. Max Media Manager 0.1) installation...
MMM v0.1 not detected
Attempting to detect an existing Openads (aka. Max Media Manager 0.3) installation...
MMM v0.3 not detected
Attempting to detect an existing Revive Adserver installation...
No previous version of Revive Adserver detected
=========================================================================
Attempting to detect an existing Openads (aka. phpAdsNew) installation...
PAN not detected
Attempting to detect an existing Openads (aka. Max Media Manager 0.1) installation...
MMM v0.1 not detected
Attempting to detect an existing Openads (aka. Max Media Manager 0.3) installation...
MMM v0.3 not detected
Attempting to detect an existing Revive Adserver installation...
No previous version of Revive Adserver detected
=========================================================================
Attempting to detect an existing Openads (aka. phpAdsNew) installation...
PAN not detected
Attempting to detect an existing Openads (aka. Max Media Manager 0.1) installation...
MMM v0.1 not detected
Attempting to detect an existing Openads (aka. Max Media Manager 0.3) installation...
MMM v0.3 not detected
Attempting to detect an existing Revive Adserver installation...
No previous version of Revive Adserver detected
=========================================================================
Attempting to detect an existing Openads (aka. phpAdsNew) installation...
PAN not detected
Attempting to detect an existing Openads (aka. Max Media Manager 0.1) installation...
MMM v0.1 not detected
Attempting to detect an existing Openads (aka. Max Media Manager 0.3) installation...
MMM v0.3 not detected
Attempting to detect an existing Revive Adserver installation...
No previous version of Revive Adserver detected
=========================================================================
Attempting to detect an existing Openads (aka. phpAdsNew) installation...
PAN not detected
Attempting to detect an existing Openads (aka. Max Media Manager 0.1) installation...
MMM v0.1 not detected
Attempting to detect an existing Openads (aka. Max Media Manager 0.3) installation...
MMM v0.3 not detected
Attempting to detect an existing Revive Adserver installation...
No previous version of Revive Adserver detected
=========================================================================
Attempting to detect an existing Openads (aka. phpAdsNew) installation...
PAN not detected
Attempting to detect an existing Openads (aka. Max Media Manager 0.1) installation...
MMM v0.1 not detected
Attempting to detect an existing Openads (aka. Max Media Manager 0.3) installation...
MMM v0.3 not detected
Attempting to detect an existing Revive Adserver installation...
No previous version of Revive Adserver detected
=========================================================================
Attempting to detect an existing Openads (aka. phpAdsNew) installation...
PAN not detected
Attempting to detect an existing Openads (aka. Max Media Manager 0.1) installation...
MMM v0.1 not detected
Attempting to detect an existing Openads (aka. Max Media Manager 0.3) installation...
MMM v0.3 not detected
Attempting to detect an existing Revive Adserver installation...
No previous version of Revive Adserver detected
=========================================================================
Attempting to detect an existing Openads (aka. phpAdsNew) installation...
PAN not detected
Attempting to detect an existing Openads (aka. Max Media Manager 0.1) installation...
MMM v0.1 not detected
Attempting to detect an existing Openads (aka. Max Media Manager 0.3) installation...
MMM v0.3 not detected
Attempting to detect an existing Revive Adserver installation...
No previous version of Revive Adserver detected
=========================================================================
Attempting to detect an existing Openads (aka. phpAdsNew) installation...
PAN not detected
Attempting to detect an existing Openads (aka. Max Media Manager 0.1) installation...
MMM v0.1 not detected
Attempting to detect an existing Openads (aka. Max Media Manager 0.3) installation...
MMM v0.3 not detected
Attempting to detect an existing Revive Adserver installation...
No previous version of Revive Adserver detected
=========================================================================
Attempting to detect an existing Openads (aka. phpAdsNew) installation...
PAN not detected
Attempting to detect an existing Openads (aka. Max Media Manager 0.1) installation...
MMM v0.1 not detected
Attempting to detect an existing Openads (aka. Max Media Manager 0.3) installation...
MMM v0.3 not detected
Attempting to detect an existing Revive Adserver installation...
No previous version of Revive Adserver detected
=========================================================================
Attempting to detect an existing Openads (aka. phpAdsNew) installation...
PAN not detected
Attempting to detect an existing Openads (aka. Max Media Manager 0.1) installation...
MMM v0.1 not detected
Attempting to detect an existing Openads (aka. Max Media Manager 0.3) installation...
MMM v0.3 not detected
Attempting to detect an existing Revive Adserver installation...
No previous version of Revive Adserver detected
=========================================================================
Attempting to detect an existing Openads (aka. phpAdsNew) installation...
PAN not detected
Attempting to detect an existing Openads (aka. Max Media Manager 0.1) installation...
MMM v0.1 not detected
Attempting to detect an existing Openads (aka. Max Media Manager 0.3) installation...
MMM v0.3 not detected
Attempting to detect an existing Revive Adserver installation...
No previous version of Revive Adserver detected
=========================================================================
Attempting to detect an existing Openads (aka. phpAdsNew) installation...
PAN not detected
Attempting to detect an existing Openads (aka. Max Media Manager 0.1) installation...
MMM v0.1 not detected
Attempting to detect an existing Openads (aka. Max Media Manager 0.3) installation...
MMM v0.3 not detected
Attempting to detect an existing Revive Adserver installation...
No previous version of Revive Adserver detected
=========================================================================
Attempting to detect an existing Openads (aka. phpAdsNew) installation...
PAN not detected
Attempting to detect an existing Openads (aka. Max Media Manager 0.1) installation...
MMM v0.1 not detected
Attempting to detect an existing Openads (aka. Max Media Manager 0.3) installation...
MMM v0.3 not detected
Attempting to detect an existing Revive Adserver installation...
No previous version of Revive Adserver detected
=========================================================================
Attempting to detect an existing Openads (aka. phpAdsNew) installation...
PAN not detected
Attempting to detect an existing Openads (aka. Max Media Manager 0.1) installation...
MMM v0.1 not detected
Attempting to detect an existing Openads (aka. Max Media Manager 0.3) installation...
MMM v0.3 not detected
Attempting to detect an existing Revive Adserver installation...
No previous version of Revive Adserver detected
=========================================================================
Attempting to detect an existing Openads (aka. phpAdsNew) installation...
PAN not detected
Attempting to detect an existing Openads (aka. Max Media Manager 0.1) installation...
MMM v0.1 not detected
Attempting to detect an existing Openads (aka. Max Media Manager 0.3) installation...
MMM v0.3 not detected
Attempting to detect an existing Revive Adserver installation...
No previous version of Revive Adserver detected
=========================================================================
Attempting to detect an existing Openads (aka. phpAdsNew) installation...
PAN not detected
Attempting to detect an existing Openads (aka. Max Media Manager 0.1) installation...
MMM v0.1 not detected
Attempting to detect an existing Openads (aka. Max Media Manager 0.3) installation...
MMM v0.3 not detected
Attempting to detect an existing Revive Adserver installation...
No previous version of Revive Adserver detected
=========================================================================
Attempting to detect an existing Openads (aka. phpAdsNew) installation...
PAN not detected
Attempting to detect an existing Openads (aka. Max Media Manager 0.1) installation...
MMM v0.1 not detected
Attempting to detect an existing Openads (aka. Max Media Manager 0.3) installation...
MMM v0.3 not detected
Attempting to detect an existing Revive Adserver installation...
No previous version of Revive Adserver detected
=========================================================================
Attempting to detect an existing Openads (aka. phpAdsNew) installation...
PAN not detected
Attempting to detect an existing Openads (aka. Max Media Manager 0.1) installation...
MMM v0.1 not detected
Attempting to detect an existing Openads (aka. Max Media Manager 0.3) installation...
MMM v0.3 not detected
Attempting to detect an existing Revive Adserver installation...
No previous version of Revive Adserver detected
=========================================================================
Attempting to detect an existing Openads (aka. phpAdsNew) installation...
PAN not detected
Attempting to detect an existing Openads (aka. Max Media Manager 0.1) installation...
MMM v0.1 not detected
Attempting to detect an existing Openads (aka. Max Media Manager 0.3) installation...
MMM v0.3 not detected
Attempting to detect an existing Revive Adserver installation...
No previous version of Revive Adserver detected
=========================================================================
Attempting to detect an existing Openads (aka. phpAdsNew) installation...
PAN not detected
Attempting to detect an existing Openads (aka. Max Media Manager 0.1) installation...
MMM v0.1 not detected
Attempting to detect an existing Openads (aka. Max Media Manager 0.3) installation...
MMM v0.3 not detected
Attempting to detect an existing Revive Adserver installation...
No previous version of Revive Adserver detected
=========================================================================
Attempting to detect an existing Openads (aka. phpAdsNew) installation...
PAN not detected
Attempting to detect an existing Openads (aka. Max Media Manager 0.1) installation...
MMM v0.1 not detected
Attempting to detect an existing Openads (aka. Max Media Manager 0.3) installation...
MMM v0.3 not detected
Attempting to detect an existing Revive Adserver installation...
No previous version of Revive Adserver detected
=========================================================================
Attempting to detect an existing Openads (aka. phpAdsNew) installation...
PAN not detected
Attempting to detect an existing Openads (aka. Max Media Manager 0.1) installation...
MMM v0.1 not detected
Attempting to detect an existing Openads (aka. Max Media Manager 0.3) installation...
MMM v0.3 not detected
Attempting to detect an existing Revive Adserver installation...
No previous version of Revive Adserver detected
=========================================================================
Attempting to detect an existing Openads (aka. phpAdsNew) installation...
PAN not detected
Attempting to detect an existing Openads (aka. Max Media Manager 0.1) installation...
MMM v0.1 not detected
Attempting to detect an existing Openads (aka. Max Media Manager 0.3) installation...
MMM v0.3 not detected
Attempting to detect an existing Revive Adserver installation...
No previous version of Revive Adserver detected
=========================================================================
Attempting to detect an existing Openads (aka. phpAdsNew) installation...
PAN not detected
Attempting to detect an existing Openads (aka. Max Media Manager 0.1) installation...
MMM v0.1 not detected
Attempting to detect an existing Openads (aka. Max Media Manager 0.3) installation...
MMM v0.3 not detected
Attempting to detect an existing Revive Adserver installation...
No previous version of Revive Adserver detected
=========================================================================
Attempting to detect an existing Openads (aka. phpAdsNew) installation...
PAN not detected
Attempting to detect an existing Openads (aka. Max Media Manager 0.1) installation...
MMM v0.1 not detected
Attempting to detect an existing Openads (aka. Max Media Manager 0.3) installation...
MMM v0.3 not detected
Attempting to detect an existing Revive Adserver installation...
No previous version of Revive Adserver detected
